<?xml version="1.0" encoding="UTF-8"?>
<!-- Generated by org.testng.reporters.JUnitXMLReporter -->
<testsuite ignored="0" hostname="DESKTOP-B6390US" failures="0" tests="2" name="BankingApp Test" time="107.005" errors="0" timestamp="12 Sep 2022 17:42:31 GMT">
  <testcase classname="com.inetbanking.testCases.TC_LoginTest_001" name="loginTest" time="22.198"/>
  <testcase classname="com.inetbanking.testCases.TC_AddCustomerTest_003" name="addNewCustomer" time="47.948"/>
</testsuite> <!-- BankingApp Test -->
