<?xml version="1.0" encoding="UTF-8"?>
<!-- Generated by org.testng.reporters.JUnitXMLReporter -->
<testsuite ignored="0" hostname="DESKTOP-B6390US" failures="0" tests="2" name="BankingApp Test" time="44.341" errors="0" timestamp="12 Sep 2022 19:07:10 GMT">
  <testcase classname="com.inetbanking.testCases.TC_LoginTest_001" name="loginTest" time="2.899"/>
  <testcase classname="com.inetbanking.testCases.TC_AddCustomerTest_003" name="addNewCustomer" time="26.921"/>
</testsuite> <!-- BankingApp Test -->
